<?xml version="1.0" encoding="utf-8"?><testsuites><testsuite name="pytest" errors="0" failures="0" skipped="2" tests="11" time="7.697" timestamp="2021-08-08T11:46:25.974681" hostname="upwork"><testcase classname="tests.test_extra.ClassTest" name="test_list_multiple_files" time="1.010" /><testcase classname="tests.test_extra.ClassTest" name="test_hidden_files" time="1.012" /><testcase classname="tests.test_extra.ClassTest" name="test_list_hidden_files" time="1.010" /><testcase classname="tests.test_extra.ClassTest" name="test_order[]" time="1.116" /><testcase classname="tests.test_extra.ClassTest" name="test_order[-r]" time="1.109" /><testcase classname="tests.test_extra.ClassTest" name="test_order[-t]" time="1.111" /><testcase classname="tests.test_extra.ClassTest" name="test_order[-rt]" time="1.110" /><testcase classname="tests.test_smoke.ClassTest" name="test_list_empty_folder" time="0.006" /><testcase classname="tests.test_smoke.ClassTest" name="test_simple_ls" time="0.007" /><testcase classname="tests.test_smoke.ClassTest" name="test_unimplemented_feature" time="0.037"><skipped type="pytest.xfail" message="-y parameter does not yet work" /></testcase><testcase classname="tests.test_windows.WindowsTest" name="test_ls_windows" time="0.002"><skipped type="pytest.skip" message="Skipping windows-only test">/home/ajay/upwork/github/Python3_Deep_Dive/pytest/test-automation-with-pytest/tests/test_windows.py:15: Skipping windows-only test</skipped></testcase></testsuite></testsuites>